<?xml version="1.0" encoding="UTF-8"?>
<!-- Generated by org.testng.reporters.JUnitReportReporter -->
<testsuite hostname="LIN80025073" failures="0" tests="2" name="TestNGPackage.DataProviderTest" time="37.370" errors="0" timestamp="2024-01-06T14:18:06 IST" skipped="0">
  <testcase classname="TestNGPackage.DataProviderTest" name="test" time="16.514"/>
  <testcase classname="TestNGPackage.DataProviderTest" name="test" time="20.856"/>
</testsuite> <!-- TestNGPackage.DataProviderTest -->
