<?xml version="1.0" encoding="UTF-8"?>
<!-- Generated by org.testng.reporters.JUnitReportReporter -->
<testsuite hostname="LIN80025073" failures="0" tests="2" name="TestNGPackage.DpMethod3" time="0.011" errors="0" timestamp="2024-01-04T14:42:58 IST" skipped="0">
  <testcase classname="TestNGPackage.DpMethod3" name="diff" time="0.001"/>
  <testcase classname="TestNGPackage.DpMethod3" name="add" time="0.010"/>
</testsuite> <!-- TestNGPackage.DpMethod3 -->
