<?xml version="1.0" encoding="UTF-8"?>
<!-- Generated by org.testng.reporters.JUnitReportReporter -->
<testsuite hostname="LIN80025073" failures="0" tests="2" name="TestNGPackage.Depends" time="0.016" errors="0" timestamp="2024-01-03T13:28:40 IST" skipped="0">
  <testcase classname="TestNGPackage.Depends" name="signIn" time="0.003"/>
  <testcase classname="TestNGPackage.Depends" name="OpenBrowser" time="0.013"/>
</testsuite> <!-- TestNGPackage.Depends -->
