<?xml version="1.0" encoding="UTF-8"?>
<!-- Generated by org.testng.reporters.JUnitReportReporter -->
<testsuite hostname="LIN80025073" failures="0" tests="1" name="TestNGPackage.DpMethod" time="0.009" errors="0" timestamp="2024-01-04T14:07:17 IST" skipped="0">
  <testcase classname="TestNGPackage.DpMethod" name="test" time="0.009"/>
</testsuite> <!-- TestNGPackage.DpMethod -->
