<?xml version="1.0" encoding="UTF-8"?>
<!-- Generated by org.testng.reporters.JUnitReportReporter -->
<testsuite hostname="LIN80025073" failures="0" tests="3" name="practiceTestCases.DataProvideWithExcel_003" time="47.237" errors="0" timestamp="2024-01-07T07:20:33 IST" skipped="0">
  <testcase classname="practiceTestCases.DataProvideWithExcel_003" name="registerNew" time="14.020"/>
  <testcase classname="practiceTestCases.DataProvideWithExcel_003" name="registerNew" time="18.898"/>
  <testcase classname="practiceTestCases.DataProvideWithExcel_003" name="registerNew" time="14.319"/>
</testsuite> <!-- practiceTestCases.DataProvideWithExcel_003 -->
