<?xml version="1.0" encoding="UTF-8"?>
<!-- Generated by org.testng.reporters.JUnitReportReporter -->
<testsuite hostname="LIN80025073" failures="0" tests="1" name="TestNGPackage.TestNG" time="5.731" errors="0" timestamp="2023-12-21T14:01:22 IST" skipped="0">
  <testcase classname="TestNGPackage.TestNG" name="f" time="5.731"/>
</testsuite> <!-- TestNGPackage.TestNG -->
