<?xml version="1.0" encoding="UTF-8"?>
<!-- Generated by org.testng.reporters.JUnitReportReporter -->
<testsuite hostname="LIN80025073" failures="0" tests="2" name="TestNGPackage.TestNGProgram1" time="0.006" errors="0" timestamp="2023-10-22T12:48:03 IST" skipped="0">
  <testcase classname="TestNGPackage.TestNGProgram1" name="testCase2" time="0.004"/>
  <testcase classname="TestNGPackage.TestNGProgram1" name="testCase1" time="0.002"/>
</testsuite> <!-- TestNGPackage.TestNGProgram1 -->
