<?xml version="1.0" encoding="UTF-8"?>
<!-- Generated by org.testng.reporters.JUnitReportReporter -->
<testsuite hostname="LIN80025073" failures="0" tests="2" name="TestNGPackage.Priority1" time="0.016" errors="0" timestamp="2024-01-04T17:43:58 IST" skipped="0">
  <testcase classname="TestNGPackage.Priority1" name="second" time="0.014"/>
  <testcase classname="TestNGPackage.Priority1" name="first" time="0.002"/>
</testsuite> <!-- TestNGPackage.Priority1 -->
