<?xml version="1.0" encoding="UTF-8"?>
<!-- Generated by org.testng.reporters.JUnitReportReporter -->
<testsuite hostname="LIN80025073" failures="0" tests="2" name="TestNGPackage.GroupNG" time="0.019" errors="0" timestamp="2024-01-03T13:19:27 IST" skipped="0">
  <testcase classname="TestNGPackage.GroupNG" name="click_element" time="0.003"/>
  <testcase classname="TestNGPackage.GroupNG" name="checkTitle" time="0.016"/>
</testsuite> <!-- TestNGPackage.GroupNG -->
