<?xml version="1.0" encoding="UTF-8"?>
<!-- Generated by org.testng.reporters.JUnitReportReporter -->
<testsuite hostname="LIN80025073" failures="0" tests="2" name="TestNGPackage.ReporterLogs" time="0.020" errors="0" timestamp="2024-01-04T18:02:02 IST" skipped="0">
  <testcase classname="TestNGPackage.ReporterLogs" name="openBrowser" time="0.018">
    <system-out>
      <![CDATA[Report3
open Browser
Report4
open Browser]]>
    </system-out>
  </testcase> <!-- openBrowser -->
  <testcase classname="TestNGPackage.ReporterLogs" name="closeBrowser" time="0.002">
    <system-out>
      <![CDATA[Report1
Close Browser
Report2
Close Browser]]>
    </system-out>
  </testcase> <!-- closeBrowser -->
  <system-out>
    <![CDATA[Report3
open Browser
Report4
open Browser
Report1
Close Browser
Report2
Close Browser]]>
  </system-out>
</testsuite> <!-- TestNGPackage.ReporterLogs -->
