<?xml version="1.0" encoding="UTF-8"?>
<!-- Generated by org.testng.reporters.JUnitReportReporter -->
<testsuite hostname="LIN80025073" failures="0" tests="2" name="TestNGPackage.CrossBrowser" time="0.049" errors="0" timestamp="2024-01-05T17:06:47 IST" skipped="0">
  <testcase classname="TestNGPackage.CrossBrowser" name="login" time="0.005"/>
  <testcase classname="TestNGPackage.CrossBrowser" name="login" time="0.044"/>
</testsuite> <!-- TestNGPackage.CrossBrowser -->
