<?xml version="1.0" encoding="UTF-8"?>
<!-- Generated by org.testng.reporters.JUnitReportReporter -->
<testsuite hostname="LIN80025073" failures="0" tests="2" name="TestNGPackage.TestNGProgram2" time="0.018" errors="0" timestamp="2023-10-22T12:48:03 IST" skipped="0">
  <testcase classname="TestNGPackage.TestNGProgram2" name="testCase3" time="0.015"/>
  <testcase classname="TestNGPackage.TestNGProgram2" name="testCase4" time="0.003"/>
</testsuite> <!-- TestNGPackage.TestNGProgram2 -->
