<?xml version="1.0" encoding="UTF-8"?>
<!-- Generated by org.testng.reporters.JUnitReportReporter -->
<testsuite hostname="LIN80025073" failures="0" tests="3" name="TestNGPackage.DependentOnGroup" time="0.028" errors="0" timestamp="2024-01-03T13:40:04 IST" skipped="0">
  <testcase classname="TestNGPackage.DependentOnGroup" name="Method2" time="0.023"/>
  <testcase classname="TestNGPackage.DependentOnGroup" name="Method1" time="0.003"/>
  <testcase classname="TestNGPackage.DependentOnGroup" name="Method3" time="0.002"/>
</testsuite> <!-- TestNGPackage.DependentOnGroup -->
