<?xml version="1.0" encoding="UTF-8"?>
<!-- Generated by org.testng.reporters.JUnitReportReporter -->
<testsuite hostname="LIN80025073" failures="0" tests="3" name="TestNGPackage.TestNGDemo" time="0.017" errors="0" timestamp="2024-01-09T12:10:29 IST" skipped="0">
  <testcase classname="TestNGPackage.TestNGDemo" name="method2" time="0.002"/>
  <testcase classname="TestNGPackage.TestNGDemo" name="method3" time="0.002"/>
  <testcase classname="TestNGPackage.TestNGDemo" name="method1" time="0.013"/>
</testsuite> <!-- TestNGPackage.TestNGDemo -->
