<?xml version="1.0" encoding="UTF-8"?>
<!-- Generated by org.testng.reporters.JUnitReportReporter -->
<testsuite hostname="LIN80025073" failures="0" tests="1" name="TestNGPackage.DpMethod1" time="0.009" errors="0" timestamp="2024-01-04T14:15:03 IST" skipped="0">
  <testcase classname="TestNGPackage.DpMethod1" name="test" time="0.009"/>
</testsuite> <!-- TestNGPackage.DpMethod1 -->
